2023-03-27 23:04:36.870 [main] INFO  App - [FACTORIAL] - 5
2023-03-27 23:04:36.873 [main] INFO  App - [RESULT - FACTORIAL] - 120
2023-03-27 23:04:36.878 [main] INFO  App - [NATURAL LOG] - 2.718
2023-03-27 23:04:36.879 [main] INFO  App - [RESULT - NATURAL LOG] - 0.999896315728952
2023-03-27 23:04:36.879 [main] INFO  App - [SQUARE ROOT] - 25.0
2023-03-27 23:04:36.880 [main] INFO  App - [RESULT - SQUARE ROOT] - 5.0
2023-03-27 23:04:36.881 [main] INFO  App - [POWER - 2.0 RAISED TO] 5.0
2023-03-27 23:04:36.881 [main] INFO  App - [RESULT - POWER] - 32.0
2023-04-02 00:31:10.707 [main] INFO  App - [FACTORIAL] - 5
2023-04-02 00:31:10.711 [main] INFO  App - [RESULT - FACTORIAL] - 120
2023-04-02 00:31:10.716 [main] INFO  App - [NATURAL LOG] - 2.718
2023-04-02 00:31:10.717 [main] INFO  App - [RESULT - NATURAL LOG] - 0.999896315728952
2023-04-02 00:31:10.722 [main] INFO  App - [SQUARE ROOT] - 25.0
2023-04-02 00:31:10.723 [main] INFO  App - [RESULT - SQUARE ROOT] - 5.0
2023-04-02 00:31:10.726 [main] INFO  App - [POWER - 2.0 RAISED TO] 5.0
2023-04-02 00:31:10.727 [main] INFO  App - [RESULT - POWER] - 32.0
2023-04-02 00:35:05.319 [main] INFO  App - [FACTORIAL] - 5
2023-04-02 00:35:05.351 [main] INFO  App - [RESULT - FACTORIAL] - 120
2023-04-02 00:35:05.376 [main] INFO  App - [NATURAL LOG] - 2.718
2023-04-02 00:35:05.381 [main] INFO  App - [RESULT - NATURAL LOG] - 0.999896315728952
2023-04-02 00:35:05.387 [main] INFO  App - [SQUARE ROOT] - 25.0
2023-04-02 00:35:05.391 [main] INFO  App - [RESULT - SQUARE ROOT] - 5.0
2023-04-02 00:35:05.396 [main] INFO  App - [POWER - 2.0 RAISED TO] 5.0
2023-04-02 00:35:05.401 [main] INFO  App - [RESULT - POWER] - 32.0
